2025-05-29 18:48:47,454 - VFXMessageScheduler - INFO - Loaded message configuration from ./bot_data/vfx_messages.json
2025-05-29 18:48:47,454 - VFXMessageScheduler - INFO - Loaded message configuration from ./bot_data/strategy_messages.json
2025-05-29 18:48:47,455 - VFXMessageScheduler - INFO - Loaded message configuration from ./bot_data/prop_messages.json
2025-05-29 18:48:47,455 - VFXMessageScheduler - INFO - Loaded message configuration from ./bot_data/signals_messages.json
2025-05-29 18:48:47,455 - VFXMessageScheduler - INFO - Loaded message configuration from ./bot_data/ed_messages.json
2025-05-29 18:48:52,282 - MySQLManager - INFO - Successfully connected to MySQL database
2025-05-29 18:48:52,476 - apscheduler.scheduler - INFO - Adding job tentatively -- it will be properly scheduled when the scheduler starts
2025-05-29 18:48:52,476 - apscheduler.scheduler - INFO - Adding job tentatively -- it will be properly scheduled when the scheduler starts
2025-05-29 18:48:52,478 - apscheduler.scheduler - INFO - Adding job tentatively -- it will be properly scheduled when the scheduler starts
2025-05-29 18:48:52,478 - apscheduler.scheduler - INFO - Adding job tentatively -- it will be properly scheduled when the scheduler starts
2025-05-29 18:48:52,478 - apscheduler.scheduler - INFO - Adding job tentatively -- it will be properly scheduled when the scheduler starts
2025-05-29 18:48:52,478 - apscheduler.scheduler - INFO - Adding job tentatively -- it will be properly scheduled when the scheduler starts
2025-05-29 18:48:52,478 - apscheduler.scheduler - INFO - Adding job tentatively -- it will be properly scheduled when the scheduler starts
2025-05-29 18:48:52,478 - apscheduler.scheduler - INFO - Adding job tentatively -- it will be properly scheduled when the scheduler starts
2025-05-29 18:48:52,478 - apscheduler.scheduler - INFO - Adding job tentatively -- it will be properly scheduled when the scheduler starts
2025-05-29 18:48:52,478 - apscheduler.scheduler - INFO - Adding job tentatively -- it will be properly scheduled when the scheduler starts
2025-05-29 18:48:52,479 - apscheduler.scheduler - INFO - Adding job tentatively -- it will be properly scheduled when the scheduler starts
2025-05-29 18:48:52,479 - apscheduler.scheduler - INFO - Adding job tentatively -- it will be properly scheduled when the scheduler starts
2025-05-29 18:48:52,480 - apscheduler.scheduler - INFO - Adding job tentatively -- it will be properly scheduled when the scheduler starts
2025-05-29 18:48:52,480 - apscheduler.scheduler - INFO - Adding job tentatively -- it will be properly scheduled when the scheduler starts
2025-05-29 18:48:52,480 - apscheduler.scheduler - INFO - Adding job tentatively -- it will be properly scheduled when the scheduler starts
2025-05-29 18:48:52,480 - apscheduler.scheduler - INFO - Adding job tentatively -- it will be properly scheduled when the scheduler starts
2025-05-29 18:48:52,480 - apscheduler.scheduler - INFO - Adding job tentatively -- it will be properly scheduled when the scheduler starts
2025-05-29 18:48:52,480 - apscheduler.scheduler - INFO - Adding job tentatively -- it will be properly scheduled when the scheduler starts
2025-05-29 18:48:52,480 - apscheduler.scheduler - INFO - Adding job tentatively -- it will be properly scheduled when the scheduler starts
2025-05-29 18:48:52,480 - apscheduler.scheduler - INFO - Adding job tentatively -- it will be properly scheduled when the scheduler starts
2025-05-29 18:48:52,480 - apscheduler.scheduler - INFO - Adding job tentatively -- it will be properly scheduled when the scheduler starts
2025-05-29 18:48:52,480 - apscheduler.scheduler - INFO - Adding job tentatively -- it will be properly scheduled when the scheduler starts
2025-05-29 18:48:52,480 - imports - INFO - Scheduled hourly welcome messages starting in 667.52 seconds
2025-05-29 18:48:52,480 - imports - INFO - Scheduled interval messages every 20 minutes starting in 847.52 seconds
2025-05-29 18:48:52,480 - imports - INFO - Scheduled strategy messages every 20 minutes starting in 847.52 seconds
2025-05-29 18:48:52,480 - imports - INFO - Scheduled propCapital messages every 20 minutes starting in 847.52 seconds
2025-05-29 18:48:52,480 - imports - INFO - Scheduled signals messages every 20 minutes starting in 847.52 seconds
2025-05-29 18:48:52,482 - imports - INFO - Scheduled education messages every 20 minutes starting in 847.52 seconds
2025-05-29 18:48:52,482 - imports - INFO - Tokyo session messages scheduled at 00:00 (in 5.2 hours)
2025-05-29 18:48:52,482 - imports - INFO - London session messages scheduled at 08:00 (in 13.2 hours)
2025-05-29 18:48:52,482 - imports - INFO - NY session messages scheduled at 13:00 (in 18.2 hours)
2025-05-29 18:48:52,482 - imports - INFO - Scheduled giveaway messages at 17:00, 18:00, and 19:00
2025-05-29 18:48:52,560 - httpx - INFO - HTTP Request: POST https://api.telegram.org/bot8113209614:AAFQ7YaIW4fZiJ6bqfOZmCScpWTB9mpd694/getMe "HTTP/1.1 200 OK"
2025-05-29 18:48:52,590 - httpx - INFO - HTTP Request: POST https://api.telegram.org/bot8113209614:AAFQ7YaIW4fZiJ6bqfOZmCScpWTB9mpd694/deleteWebhook "HTTP/1.1 200 OK"
2025-05-29 18:48:52,591 - apscheduler.scheduler - INFO - Added job "send_daily_signup_report" to job store "default"
2025-05-29 18:48:52,591 - apscheduler.scheduler - INFO - Added job "send_daily_response_report" to job store "default"
2025-05-29 18:48:52,591 - apscheduler.scheduler - INFO - Added job "log_all_chats" to job store "default"
2025-05-29 18:48:52,591 - apscheduler.scheduler - INFO - Added job "send_hourly_welcome" to job store "default"
2025-05-29 18:48:52,591 - apscheduler.scheduler - INFO - Added job "send_hourly_welcome" to job store "default"
2025-05-29 18:48:52,591 - apscheduler.scheduler - INFO - Added job "send_hourly_welcome" to job store "default"
2025-05-29 18:48:52,591 - apscheduler.scheduler - INFO - Added job "send_hourly_welcome" to job store "default"
2025-05-29 18:48:52,591 - apscheduler.scheduler - INFO - Added job "send_hourly_welcome" to job store "default"
2025-05-29 18:48:52,592 - apscheduler.scheduler - INFO - Added job "send_hourly_welcome" to job store "default"
2025-05-29 18:48:52,592 - apscheduler.scheduler - INFO - Added job "send_giveaway_message" to job store "default"
2025-05-29 18:48:52,592 - apscheduler.scheduler - INFO - Added job "send_giveaway_message" to job store "default"
2025-05-29 18:48:52,592 - apscheduler.scheduler - INFO - Added job "send_giveaway_message" to job store "default"
2025-05-29 18:48:52,592 - apscheduler.scheduler - INFO - Added job "send_interval_message" to job store "default"
2025-05-29 18:48:52,592 - apscheduler.scheduler - INFO - Added job "send_strategy_interval_message" to job store "default"
2025-05-29 18:48:52,592 - apscheduler.scheduler - INFO - Added job "send_prop_interval_message" to job store "default"
2025-05-29 18:48:52,592 - apscheduler.scheduler - INFO - Added job "send_signals_interval_message" to job store "default"
2025-05-29 18:48:52,592 - apscheduler.scheduler - INFO - Added job "send_ed_interval_message" to job store "default"
2025-05-29 18:48:52,592 - apscheduler.scheduler - INFO - Added job "init_signal_system" to job store "default"
2025-05-29 18:48:52,592 - apscheduler.scheduler - INFO - Added job "check_and_send_signals" to job store "default"
2025-05-29 18:48:52,592 - apscheduler.scheduler - INFO - Added job "report_signal_system_status" to job store "default"
2025-05-29 18:48:52,592 - apscheduler.scheduler - INFO - Added job "<lambda>" to job store "default"
2025-05-29 18:48:52,592 - apscheduler.scheduler - INFO - Added job "<lambda>" to job store "default"
2025-05-29 18:48:52,592 - apscheduler.scheduler - INFO - Scheduler started
2025-05-29 18:48:52,592 - telegram.ext.Application - INFO - Application started
2025-05-29 18:48:57,486 - apscheduler.scheduler - INFO - Removed job 169d3004c2cd4962ac64d2e629ec0e19
2025-05-29 18:48:57,486 - apscheduler.executors.default - INFO - Running job "log_all_chats (trigger: date[2025-05-29 17:48:57 UTC], next run at: 2025-05-29 17:48:57 UTC)" (scheduled at 2025-05-29 17:48:57.476974+00:00)
2025-05-29 18:48:57,507 - httpx - INFO - HTTP Request: POST https://api.telegram.org/bot8113209614:AAFQ7YaIW4fZiJ6bqfOZmCScpWTB9mpd694/getMe "HTTP/1.1 200 OK"
2025-05-29 18:48:57,569 - httpx - INFO - HTTP Request: POST https://api.telegram.org/bot8113209614:AAFQ7YaIW4fZiJ6bqfOZmCScpWTB9mpd694/getChat "HTTP/1.1 200 OK"
2025-05-29 18:48:57,650 - httpx - INFO - HTTP Request: POST https://api.telegram.org/bot8113209614:AAFQ7YaIW4fZiJ6bqfOZmCScpWTB9mpd694/getChat "HTTP/1.1 200 OK"
2025-05-29 18:48:57,650 - apscheduler.executors.default - INFO - Job "log_all_chats (trigger: date[2025-05-29 17:48:57 UTC], next run at: 2025-05-29 17:48:57 UTC)" executed successfully
2025-05-29 18:49:02,654 - httpx - INFO - HTTP Request: POST https://api.telegram.org/bot8113209614:AAFQ7YaIW4fZiJ6bqfOZmCScpWTB9mpd694/getUpdates "HTTP/1.1 200 OK"
2025-05-29 18:49:12,686 - httpx - INFO - HTTP Request: POST https://api.telegram.org/bot8113209614:AAFQ7YaIW4fZiJ6bqfOZmCScpWTB9mpd694/getUpdates "HTTP/1.1 200 OK"
2025-05-29 18:49:22,487 - apscheduler.scheduler - INFO - Removed job 41b74610e8a649a4814b039bea04b62f
2025-05-29 18:49:22,487 - apscheduler.executors.default - INFO - Running job "init_signal_system (trigger: date[2025-05-29 17:49:22 UTC], next run at: 2025-05-29 17:49:22 UTC)" (scheduled at 2025-05-29 17:49:22.480595+00:00)
2025-05-29 18:49:22,487 - imports - INFO - Starting signal system initialization...
2025-05-29 18:49:22,487 - imports - INFO - Attempting to import SignalDispatcher class...
2025-05-29 18:49:22,488 - imports - ERROR - \u274c Import error: No module named 'signalsManager'
2025-05-29 18:49:22,488 - imports - ERROR - \u274c Module import failed: No module named 'signalsManager'
2025-05-29 18:49:22,488 - apscheduler.executors.default - INFO - Job "init_signal_system (trigger: date[2025-05-29 17:49:22 UTC], next run at: 2025-05-29 17:49:22 UTC)" executed successfully
2025-05-29 18:49:22,708 - httpx - INFO - HTTP Request: POST https://api.telegram.org/bot8113209614:AAFQ7YaIW4fZiJ6bqfOZmCScpWTB9mpd694/getUpdates "HTTP/1.1 200 OK"
2025-05-29 18:49:32,727 - httpx - INFO - HTTP Request: POST https://api.telegram.org/bot8113209614:AAFQ7YaIW4fZiJ6bqfOZmCScpWTB9mpd694/getUpdates "HTTP/1.1 200 OK"
2025-05-29 18:49:42,748 - httpx - INFO - HTTP Request: POST https://api.telegram.org/bot8113209614:AAFQ7YaIW4fZiJ6bqfOZmCScpWTB9mpd694/getUpdates "HTTP/1.1 200 OK"
2025-05-29 18:49:52,502 - apscheduler.executors.default - INFO - Running job "<lambda> (trigger: interval[0:02:00], next run at: 2025-05-29 17:51:52 UTC)" (scheduled at 2025-05-29 17:49:52.480595+00:00)
2025-05-29 18:49:52,502 - apscheduler.executors.default - INFO - Running job "check_and_send_signals (trigger: interval[0:05:00], next run at: 2025-05-29 17:54:52 UTC)" (scheduled at 2025-05-29 17:49:52.480595+00:00)
2025-05-29 18:49:52,503 - imports - WARNING - Cannot check signals - signal_dispatcher is None
2025-05-29 18:49:52,503 - imports - WARNING - Cannot apply trailing stops - signal_dispatcher is None
2025-05-29 18:49:52,503 - apscheduler.executors.default - INFO - Job "check_and_send_signals (trigger: interval[0:05:00], next run at: 2025-05-29 17:54:52 UTC)" executed successfully
2025-05-29 18:49:52,503 - apscheduler.executors.default - INFO - Job "<lambda> (trigger: interval[0:02:00], next run at: 2025-05-29 17:51:52 UTC)" executed successfully
2025-05-29 18:49:52,767 - httpx - INFO - HTTP Request: POST https://api.telegram.org/bot8113209614:AAFQ7YaIW4fZiJ6bqfOZmCScpWTB9mpd694/getUpdates "HTTP/1.1 200 OK"
2025-05-29 18:50:02,787 - httpx - INFO - HTTP Request: POST https://api.telegram.org/bot8113209614:AAFQ7YaIW4fZiJ6bqfOZmCScpWTB9mpd694/getUpdates "HTTP/1.1 200 OK"
2025-05-29 18:50:12,808 - httpx - INFO - HTTP Request: POST https://api.telegram.org/bot8113209614:AAFQ7YaIW4fZiJ6bqfOZmCScpWTB9mpd694/getUpdates "HTTP/1.1 200 OK"
2025-05-29 18:50:22,827 - httpx - INFO - HTTP Request: POST https://api.telegram.org/bot8113209614:AAFQ7YaIW4fZiJ6bqfOZmCScpWTB9mpd694/getUpdates "HTTP/1.1 200 OK"
2025-05-29 18:50:32,847 - httpx - INFO - HTTP Request: POST https://api.telegram.org/bot8113209614:AAFQ7YaIW4fZiJ6bqfOZmCScpWTB9mpd694/getUpdates "HTTP/1.1 200 OK"
2025-05-29 18:50:42,876 - httpx - INFO - HTTP Request: POST https://api.telegram.org/bot8113209614:AAFQ7YaIW4fZiJ6bqfOZmCScpWTB9mpd694/getUpdates "HTTP/1.1 200 OK"
2025-05-29 18:50:52,903 - httpx - INFO - HTTP Request: POST https://api.telegram.org/bot8113209614:AAFQ7YaIW4fZiJ6bqfOZmCScpWTB9mpd694/getUpdates "HTTP/1.1 200 OK"
2025-05-29 18:51:02,924 - httpx - INFO - HTTP Request: POST https://api.telegram.org/bot8113209614:AAFQ7YaIW4fZiJ6bqfOZmCScpWTB9mpd694/getUpdates "HTTP/1.1 200 OK"
2025-05-29 18:51:12,944 - httpx - INFO - HTTP Request: POST https://api.telegram.org/bot8113209614:AAFQ7YaIW4fZiJ6bqfOZmCScpWTB9mpd694/getUpdates "HTTP/1.1 200 OK"
2025-05-29 18:51:22,962 - httpx - INFO - HTTP Request: POST https://api.telegram.org/bot8113209614:AAFQ7YaIW4fZiJ6bqfOZmCScpWTB9mpd694/getUpdates "HTTP/1.1 200 OK"
2025-05-29 18:51:27,525 - httpx - INFO - HTTP Request: POST https://api.telegram.org/bot8113209614:AAFQ7YaIW4fZiJ6bqfOZmCScpWTB9mpd694/getUpdates "HTTP/1.1 200 OK"
2025-05-29 18:51:27,657 - httpx - INFO - HTTP Request: POST https://api.telegram.org/bot8113209614:AAFQ7YaIW4fZiJ6bqfOZmCScpWTB9mpd694/sendMessage "HTTP/1.1 200 OK"
2025-05-29 18:51:27,705 - httpx - INFO - HTTP Request: POST https://api.telegram.org/bot8113209614:AAFQ7YaIW4fZiJ6bqfOZmCScpWTB9mpd694/editMessageText "HTTP/1.1 200 OK"
2025-05-29 18:51:37,550 - httpx - INFO - HTTP Request: POST https://api.telegram.org/bot8113209614:AAFQ7YaIW4fZiJ6bqfOZmCScpWTB9mpd694/getUpdates "HTTP/1.1 200 OK"
2025-05-29 18:51:47,570 - httpx - INFO - HTTP Request: POST https://api.telegram.org/bot8113209614:AAFQ7YaIW4fZiJ6bqfOZmCScpWTB9mpd694/getUpdates "HTTP/1.1 200 OK"
2025-05-29 18:51:52,496 - apscheduler.executors.default - INFO - Running job "<lambda> (trigger: interval[0:02:00], next run at: 2025-05-29 17:53:52 UTC)" (scheduled at 2025-05-29 17:51:52.480595+00:00)
2025-05-29 18:51:52,496 - imports - WARNING - Cannot apply trailing stops - signal_dispatcher is None
2025-05-29 18:51:52,496 - apscheduler.executors.default - INFO - Job "<lambda> (trigger: interval[0:02:00], next run at: 2025-05-29 17:53:52 UTC)" executed successfully
2025-05-29 18:51:57,593 - httpx - INFO - HTTP Request: POST https://api.telegram.org/bot8113209614:AAFQ7YaIW4fZiJ6bqfOZmCScpWTB9mpd694/getUpdates "HTTP/1.1 200 OK"
2025-05-29 18:52:07,618 - httpx - INFO - HTTP Request: POST https://api.telegram.org/bot8113209614:AAFQ7YaIW4fZiJ6bqfOZmCScpWTB9mpd694/getUpdates "HTTP/1.1 200 OK"
2025-05-29 18:52:12,699 - httpx - INFO - HTTP Request: POST https://api.telegram.org/bot8113209614:AAFQ7YaIW4fZiJ6bqfOZmCScpWTB9mpd694/getUpdates "HTTP/1.1 200 OK"
2025-05-29 18:52:12,699 - telegram.ext.Application - INFO - Application is stopping. This might take a moment.
2025-05-29 18:52:12,700 - apscheduler.scheduler - INFO - Scheduler has been shut down
2025-05-29 18:52:12,700 - telegram.ext.Application - INFO - Application.stop() complete
2025-05-29 18:52:15,353 - VFXMessageScheduler - INFO - Loaded message configuration from ./bot_data/vfx_messages.json
2025-05-29 18:52:15,353 - VFXMessageScheduler - INFO - Loaded message configuration from ./bot_data/strategy_messages.json
2025-05-29 18:52:15,353 - VFXMessageScheduler - INFO - Loaded message configuration from ./bot_data/prop_messages.json
2025-05-29 18:52:15,354 - VFXMessageScheduler - INFO - Loaded message configuration from ./bot_data/signals_messages.json
2025-05-29 18:52:15,355 - VFXMessageScheduler - INFO - Loaded message configuration from ./bot_data/ed_messages.json
2025-05-29 18:52:15,562 - MySQLManager - INFO - Successfully connected to MySQL database
2025-05-29 18:52:15,697 - apscheduler.scheduler - INFO - Adding job tentatively -- it will be properly scheduled when the scheduler starts
2025-05-29 18:52:15,697 - apscheduler.scheduler - INFO - Adding job tentatively -- it will be properly scheduled when the scheduler starts
2025-05-29 18:52:15,698 - apscheduler.scheduler - INFO - Adding job tentatively -- it will be properly scheduled when the scheduler starts
2025-05-29 18:52:15,698 - apscheduler.scheduler - INFO - Adding job tentatively -- it will be properly scheduled when the scheduler starts
2025-05-29 18:52:15,698 - apscheduler.scheduler - INFO - Adding job tentatively -- it will be properly scheduled when the scheduler starts
2025-05-29 18:52:15,698 - apscheduler.scheduler - INFO - Adding job tentatively -- it will be properly scheduled when the scheduler starts
2025-05-29 18:52:15,699 - apscheduler.scheduler - INFO - Adding job tentatively -- it will be properly scheduled when the scheduler starts
2025-05-29 18:52:15,699 - apscheduler.scheduler - INFO - Adding job tentatively -- it will be properly scheduled when the scheduler starts
2025-05-29 18:52:15,699 - apscheduler.scheduler - INFO - Adding job tentatively -- it will be properly scheduled when the scheduler starts
2025-05-29 18:52:15,699 - apscheduler.scheduler - INFO - Adding job tentatively -- it will be properly scheduled when the scheduler starts
2025-05-29 18:52:15,699 - apscheduler.scheduler - INFO - Adding job tentatively -- it will be properly scheduled when the scheduler starts
2025-05-29 18:52:15,699 - apscheduler.scheduler - INFO - Adding job tentatively -- it will be properly scheduled when the scheduler starts
2025-05-29 18:52:15,700 - apscheduler.scheduler - INFO - Adding job tentatively -- it will be properly scheduled when the scheduler starts
2025-05-29 18:52:15,700 - apscheduler.scheduler - INFO - Adding job tentatively -- it will be properly scheduled when the scheduler starts
2025-05-29 18:52:15,700 - apscheduler.scheduler - INFO - Adding job tentatively -- it will be properly scheduled when the scheduler starts
2025-05-29 18:52:15,700 - apscheduler.scheduler - INFO - Adding job tentatively -- it will be properly scheduled when the scheduler starts
2025-05-29 18:52:15,701 - apscheduler.scheduler - INFO - Adding job tentatively -- it will be properly scheduled when the scheduler starts
2025-05-29 18:52:15,701 - apscheduler.scheduler - INFO - Adding job tentatively -- it will be properly scheduled when the scheduler starts
2025-05-29 18:52:15,701 - apscheduler.scheduler - INFO - Adding job tentatively -- it will be properly scheduled when the scheduler starts
2025-05-29 18:52:15,701 - apscheduler.scheduler - INFO - Adding job tentatively -- it will be properly scheduled when the scheduler starts
2025-05-29 18:52:15,701 - apscheduler.scheduler - INFO - Adding job tentatively -- it will be properly scheduled when the scheduler starts
2025-05-29 18:52:15,701 - apscheduler.scheduler - INFO - Adding job tentatively -- it will be properly scheduled when the scheduler starts
2025-05-29 18:52:15,701 - imports - INFO - Scheduled hourly welcome messages starting in 464.30 seconds
2025-05-29 18:52:15,701 - imports - INFO - Scheduled interval messages every 20 minutes starting in 644.30 seconds
2025-05-29 18:52:15,701 - imports - INFO - Scheduled strategy messages every 20 minutes starting in 644.30 seconds
2025-05-29 18:52:15,701 - imports - INFO - Scheduled propCapital messages every 20 minutes starting in 644.30 seconds
2025-05-29 18:52:15,701 - imports - INFO - Scheduled signals messages every 20 minutes starting in 644.30 seconds
2025-05-29 18:52:15,701 - imports - INFO - Scheduled education messages every 20 minutes starting in 644.30 seconds
2025-05-29 18:52:15,701 - imports - INFO - Tokyo session messages scheduled at 00:00 (in 5.1 hours)
2025-05-29 18:52:15,701 - imports - INFO - London session messages scheduled at 08:00 (in 13.1 hours)
2025-05-29 18:52:15,701 - imports - INFO - NY session messages scheduled at 13:00 (in 18.1 hours)
2025-05-29 18:52:15,701 - imports - INFO - Scheduled giveaway messages at 17:00, 18:00, and 19:00
2025-05-29 18:52:15,782 - httpx - INFO - HTTP Request: POST https://api.telegram.org/bot8113209614:AAFQ7YaIW4fZiJ6bqfOZmCScpWTB9mpd694/getMe "HTTP/1.1 200 OK"
2025-05-29 18:52:15,802 - httpx - INFO - HTTP Request: POST https://api.telegram.org/bot8113209614:AAFQ7YaIW4fZiJ6bqfOZmCScpWTB9mpd694/deleteWebhook "HTTP/1.1 200 OK"
2025-05-29 18:52:15,804 - apscheduler.scheduler - INFO - Added job "send_daily_signup_report" to job store "default"
2025-05-29 18:52:15,804 - apscheduler.scheduler - INFO - Added job "send_daily_response_report" to job store "default"
2025-05-29 18:52:15,804 - apscheduler.scheduler - INFO - Added job "log_all_chats" to job store "default"
2025-05-29 18:52:15,804 - apscheduler.scheduler - INFO - Added job "send_hourly_welcome" to job store "default"
2025-05-29 18:52:15,805 - apscheduler.scheduler - INFO - Added job "send_hourly_welcome" to job store "default"
2025-05-29 18:52:15,805 - apscheduler.scheduler - INFO - Added job "send_hourly_welcome" to job store "default"
2025-05-29 18:52:15,805 - apscheduler.scheduler - INFO - Added job "send_hourly_welcome" to job store "default"
2025-05-29 18:52:15,805 - apscheduler.scheduler - INFO - Added job "send_hourly_welcome" to job store "default"
2025-05-29 18:52:15,805 - apscheduler.scheduler - INFO - Added job "send_hourly_welcome" to job store "default"
2025-05-29 18:52:15,805 - apscheduler.scheduler - INFO - Added job "send_giveaway_message" to job store "default"
2025-05-29 18:52:15,805 - apscheduler.scheduler - INFO - Added job "send_giveaway_message" to job store "default"
2025-05-29 18:52:15,805 - apscheduler.scheduler - INFO - Added job "send_giveaway_message" to job store "default"
2025-05-29 18:52:15,805 - apscheduler.scheduler - INFO - Added job "send_interval_message" to job store "default"
2025-05-29 18:52:15,805 - apscheduler.scheduler - INFO - Added job "send_strategy_interval_message" to job store "default"
2025-05-29 18:52:15,805 - apscheduler.scheduler - INFO - Added job "send_prop_interval_message" to job store "default"
2025-05-29 18:52:15,805 - apscheduler.scheduler - INFO - Added job "send_signals_interval_message" to job store "default"
2025-05-29 18:52:15,805 - apscheduler.scheduler - INFO - Added job "send_ed_interval_message" to job store "default"
2025-05-29 18:52:15,805 - apscheduler.scheduler - INFO - Added job "init_signal_system" to job store "default"
2025-05-29 18:52:15,805 - apscheduler.scheduler - INFO - Added job "check_and_send_signals" to job store "default"
2025-05-29 18:52:15,805 - apscheduler.scheduler - INFO - Added job "report_signal_system_status" to job store "default"
2025-05-29 18:52:15,805 - apscheduler.scheduler - INFO - Added job "<lambda>" to job store "default"
2025-05-29 18:52:15,805 - apscheduler.scheduler - INFO - Added job "<lambda>" to job store "default"
2025-05-29 18:52:15,805 - apscheduler.scheduler - INFO - Scheduler started
2025-05-29 18:52:15,805 - telegram.ext.Application - INFO - Application started
2025-05-29 18:52:20,705 - apscheduler.scheduler - INFO - Removed job 662adad827b24403af79290ea95d3969
2025-05-29 18:52:20,705 - apscheduler.executors.default - INFO - Running job "log_all_chats (trigger: date[2025-05-29 17:52:20 UTC], next run at: 2025-05-29 17:52:20 UTC)" (scheduled at 2025-05-29 17:52:20.697917+00:00)
2025-05-29 18:52:20,725 - httpx - INFO - HTTP Request: POST https://api.telegram.org/bot8113209614:AAFQ7YaIW4fZiJ6bqfOZmCScpWTB9mpd694/getMe "HTTP/1.1 200 OK"
2025-05-29 18:52:20,923 - httpx - INFO - HTTP Request: POST https://api.telegram.org/bot8113209614:AAFQ7YaIW4fZiJ6bqfOZmCScpWTB9mpd694/getChat "HTTP/1.1 200 OK"
2025-05-29 18:52:21,063 - httpx - INFO - HTTP Request: POST https://api.telegram.org/bot8113209614:AAFQ7YaIW4fZiJ6bqfOZmCScpWTB9mpd694/getChat "HTTP/1.1 200 OK"
2025-05-29 18:52:21,063 - apscheduler.executors.default - INFO - Job "log_all_chats (trigger: date[2025-05-29 17:52:20 UTC], next run at: 2025-05-29 17:52:20 UTC)" executed successfully
2025-05-29 18:52:25,860 - httpx - INFO - HTTP Request: POST https://api.telegram.org/bot8113209614:AAFQ7YaIW4fZiJ6bqfOZmCScpWTB9mpd694/getUpdates "HTTP/1.1 200 OK"
2025-05-29 18:52:35,884 - httpx - INFO - HTTP Request: POST https://api.telegram.org/bot8113209614:AAFQ7YaIW4fZiJ6bqfOZmCScpWTB9mpd694/getUpdates "HTTP/1.1 200 OK"
2025-05-29 18:52:45,721 - apscheduler.scheduler - INFO - Removed job b8a26c87a34c49a79c12e35041bd0b04
2025-05-29 18:52:45,722 - apscheduler.executors.default - INFO - Running job "init_signal_system (trigger: date[2025-05-29 17:52:45 UTC], next run at: 2025-05-29 17:52:45 UTC)" (scheduled at 2025-05-29 17:52:45.701901+00:00)
2025-05-29 18:52:45,722 - imports - INFO - Starting signal system initialization...
2025-05-29 18:52:45,722 - imports - INFO - Attempting to import SignalDispatcher class...
2025-05-29 18:52:45,722 - imports - ERROR - \u274c Import error: No module named 'signalsManager'
2025-05-29 18:52:45,723 - imports - ERROR - \u274c Module import failed: No module named 'signalsManager'
2025-05-29 18:52:45,723 - apscheduler.executors.default - INFO - Job "init_signal_system (trigger: date[2025-05-29 17:52:45 UTC], next run at: 2025-05-29 17:52:45 UTC)" executed successfully
2025-05-29 18:52:45,904 - httpx - INFO - HTTP Request: POST https://api.telegram.org/bot8113209614:AAFQ7YaIW4fZiJ6bqfOZmCScpWTB9mpd694/getUpdates "HTTP/1.1 200 OK"
2025-05-29 18:52:55,923 - httpx - INFO - HTTP Request: POST https://api.telegram.org/bot8113209614:AAFQ7YaIW4fZiJ6bqfOZmCScpWTB9mpd694/getUpdates "HTTP/1.1 200 OK"
2025-05-29 18:53:05,944 - httpx - INFO - HTTP Request: POST https://api.telegram.org/bot8113209614:AAFQ7YaIW4fZiJ6bqfOZmCScpWTB9mpd694/getUpdates "HTTP/1.1 200 OK"
2025-05-29 18:53:15,718 - apscheduler.executors.default - INFO - Running job "<lambda> (trigger: interval[0:02:00], next run at: 2025-05-29 17:55:15 UTC)" (scheduled at 2025-05-29 17:53:15.701901+00:00)
2025-05-29 18:53:15,718 - apscheduler.executors.default - INFO - Running job "check_and_send_signals (trigger: interval[0:05:00], next run at: 2025-05-29 17:58:15 UTC)" (scheduled at 2025-05-29 17:53:15.701901+00:00)
2025-05-29 18:53:15,718 - imports - WARNING - Cannot check signals - signal_dispatcher is None
2025-05-29 18:53:15,718 - imports - WARNING - Cannot apply trailing stops - signal_dispatcher is None
2025-05-29 18:53:15,718 - apscheduler.executors.default - INFO - Job "check_and_send_signals (trigger: interval[0:05:00], next run at: 2025-05-29 17:58:15 UTC)" executed successfully
2025-05-29 18:53:15,718 - apscheduler.executors.default - INFO - Job "<lambda> (trigger: interval[0:02:00], next run at: 2025-05-29 17:55:15 UTC)" executed successfully
2025-05-29 18:53:15,963 - httpx - INFO - HTTP Request: POST https://api.telegram.org/bot8113209614:AAFQ7YaIW4fZiJ6bqfOZmCScpWTB9mpd694/getUpdates "HTTP/1.1 200 OK"
2025-05-29 18:53:25,982 - httpx - INFO - HTTP Request: POST https://api.telegram.org/bot8113209614:AAFQ7YaIW4fZiJ6bqfOZmCScpWTB9mpd694/getUpdates "HTTP/1.1 200 OK"
2025-05-29 18:53:36,008 - httpx - INFO - HTTP Request: POST https://api.telegram.org/bot8113209614:AAFQ7YaIW4fZiJ6bqfOZmCScpWTB9mpd694/getUpdates "HTTP/1.1 200 OK"
2025-05-29 18:53:46,030 - httpx - INFO - HTTP Request: POST https://api.telegram.org/bot8113209614:AAFQ7YaIW4fZiJ6bqfOZmCScpWTB9mpd694/getUpdates "HTTP/1.1 200 OK"
2025-05-29 18:53:56,049 - httpx - INFO - HTTP Request: POST https://api.telegram.org/bot8113209614:AAFQ7YaIW4fZiJ6bqfOZmCScpWTB9mpd694/getUpdates "HTTP/1.1 200 OK"
2025-05-29 18:54:06,071 - httpx - INFO - HTTP Request: POST https://api.telegram.org/bot8113209614:AAFQ7YaIW4fZiJ6bqfOZmCScpWTB9mpd694/getUpdates "HTTP/1.1 200 OK"
2025-05-29 18:54:16,328 - httpx - INFO - HTTP Request: POST https://api.telegram.org/bot8113209614:AAFQ7YaIW4fZiJ6bqfOZmCScpWTB9mpd694/getUpdates "HTTP/1.1 200 OK"
2025-05-29 18:54:26,349 - httpx - INFO - HTTP Request: POST https://api.telegram.org/bot8113209614:AAFQ7YaIW4fZiJ6bqfOZmCScpWTB9mpd694/getUpdates "HTTP/1.1 200 OK"
2025-05-29 18:54:36,372 - httpx - INFO - HTTP Request: POST https://api.telegram.org/bot8113209614:AAFQ7YaIW4fZiJ6bqfOZmCScpWTB9mpd694/getUpdates "HTTP/1.1 200 OK"
2025-05-29 18:54:46,394 - httpx - INFO - HTTP Request: POST https://api.telegram.org/bot8113209614:AAFQ7YaIW4fZiJ6bqfOZmCScpWTB9mpd694/getUpdates "HTTP/1.1 200 OK"
2025-05-29 18:54:56,415 - httpx - INFO - HTTP Request: POST https://api.telegram.org/bot8113209614:AAFQ7YaIW4fZiJ6bqfOZmCScpWTB9mpd694/getUpdates "HTTP/1.1 200 OK"
2025-05-29 18:55:06,667 - httpx - INFO - HTTP Request: POST https://api.telegram.org/bot8113209614:AAFQ7YaIW4fZiJ6bqfOZmCScpWTB9mpd694/getUpdates "HTTP/1.1 200 OK"
2025-05-29 18:55:15,702 - apscheduler.executors.default - INFO - Running job "<lambda> (trigger: interval[0:02:00], next run at: 2025-05-29 17:57:15 UTC)" (scheduled at 2025-05-29 17:55:15.701901+00:00)
2025-05-29 18:55:15,703 - imports - WARNING - Cannot apply trailing stops - signal_dispatcher is None
2025-05-29 18:55:15,703 - apscheduler.executors.default - INFO - Job "<lambda> (trigger: interval[0:02:00], next run at: 2025-05-29 17:57:15 UTC)" executed successfully
2025-05-29 18:55:16,688 - httpx - INFO - HTTP Request: POST https://api.telegram.org/bot8113209614:AAFQ7YaIW4fZiJ6bqfOZmCScpWTB9mpd694/getUpdates "HTTP/1.1 200 OK"
2025-05-29 18:55:26,708 - httpx - INFO - HTTP Request: POST https://api.telegram.org/bot8113209614:AAFQ7YaIW4fZiJ6bqfOZmCScpWTB9mpd694/getUpdates "HTTP/1.1 200 OK"
2025-05-29 18:55:36,727 - httpx - INFO - HTTP Request: POST https://api.telegram.org/bot8113209614:AAFQ7YaIW4fZiJ6bqfOZmCScpWTB9mpd694/getUpdates "HTTP/1.1 200 OK"
2025-05-29 18:55:46,754 - httpx - INFO - HTTP Request: POST https://api.telegram.org/bot8113209614:AAFQ7YaIW4fZiJ6bqfOZmCScpWTB9mpd694/getUpdates "HTTP/1.1 200 OK"
2025-05-29 18:55:56,773 - httpx - INFO - HTTP Request: POST https://api.telegram.org/bot8113209614:AAFQ7YaIW4fZiJ6bqfOZmCScpWTB9mpd694/getUpdates "HTTP/1.1 200 OK"
2025-05-29 18:56:06,796 - httpx - INFO - HTTP Request: POST https://api.telegram.org/bot8113209614:AAFQ7YaIW4fZiJ6bqfOZmCScpWTB9mpd694/getUpdates "HTTP/1.1 200 OK"
2025-05-29 18:56:16,815 - httpx - INFO - HTTP Request: POST https://api.telegram.org/bot8113209614:AAFQ7YaIW4fZiJ6bqfOZmCScpWTB9mpd694/getUpdates "HTTP/1.1 200 OK"
2025-05-29 18:56:26,835 - httpx - INFO - HTTP Request: POST https://api.telegram.org/bot8113209614:AAFQ7YaIW4fZiJ6bqfOZmCScpWTB9mpd694/getUpdates "HTTP/1.1 200 OK"
2025-05-29 18:56:36,855 - httpx - INFO - HTTP Request: POST https://api.telegram.org/bot8113209614:AAFQ7YaIW4fZiJ6bqfOZmCScpWTB9mpd694/getUpdates "HTTP/1.1 200 OK"
2025-05-29 18:56:46,876 - httpx - INFO - HTTP Request: POST https://api.telegram.org/bot8113209614:AAFQ7YaIW4fZiJ6bqfOZmCScpWTB9mpd694/getUpdates "HTTP/1.1 200 OK"
2025-05-29 18:56:56,899 - httpx - INFO - HTTP Request: POST https://api.telegram.org/bot8113209614:AAFQ7YaIW4fZiJ6bqfOZmCScpWTB9mpd694/getUpdates "HTTP/1.1 200 OK"
2025-05-29 18:57:06,919 - httpx - INFO - HTTP Request: POST https://api.telegram.org/bot8113209614:AAFQ7YaIW4fZiJ6bqfOZmCScpWTB9mpd694/getUpdates "HTTP/1.1 200 OK"
2025-05-29 18:57:15,712 - apscheduler.executors.default - INFO - Running job "<lambda> (trigger: interval[0:02:00], next run at: 2025-05-29 17:59:15 UTC)" (scheduled at 2025-05-29 17:57:15.701901+00:00)
2025-05-29 18:57:15,712 - imports - WARNING - Cannot apply trailing stops - signal_dispatcher is None
2025-05-29 18:57:15,712 - apscheduler.executors.default - INFO - Job "<lambda> (trigger: interval[0:02:00], next run at: 2025-05-29 17:59:15 UTC)" executed successfully
2025-05-29 18:57:16,943 - httpx - INFO - HTTP Request: POST https://api.telegram.org/bot8113209614:AAFQ7YaIW4fZiJ6bqfOZmCScpWTB9mpd694/getUpdates "HTTP/1.1 200 OK"
2025-05-29 18:57:27,201 - httpx - INFO - HTTP Request: POST https://api.telegram.org/bot8113209614:AAFQ7YaIW4fZiJ6bqfOZmCScpWTB9mpd694/getUpdates "HTTP/1.1 200 OK"
2025-05-29 18:57:37,457 - httpx - INFO - HTTP Request: POST https://api.telegram.org/bot8113209614:AAFQ7YaIW4fZiJ6bqfOZmCScpWTB9mpd694/getUpdates "HTTP/1.1 200 OK"
2025-05-29 18:57:47,478 - httpx - INFO - HTTP Request: POST https://api.telegram.org/bot8113209614:AAFQ7YaIW4fZiJ6bqfOZmCScpWTB9mpd694/getUpdates "HTTP/1.1 200 OK"
2025-05-29 18:57:57,497 - httpx - INFO - HTTP Request: POST https://api.telegram.org/bot8113209614:AAFQ7YaIW4fZiJ6bqfOZmCScpWTB9mpd694/getUpdates "HTTP/1.1 200 OK"
