2025-04-26 03:35:29.242129: VFX Main Channel - -1002586937373 (channel)
2025-04-27 03:44:27.908040: VFX - VIP PROP CAPITAL - -1002673182167 (supergroup)
2025-04-27 03:45:20.439945: VFX - VIP STRATEGY - -1002428210575 (supergroup)
2025-04-27 03:46:07.258856: VFX - VIP STRATEGY - -1002428210575 (supergroup)
2025-04-27 03:47:43.706133: VFX - VIP STRATEGY - -1002428210575 (supergroup)
2025-04-27 03:48:30.797205: VFX - VIP STRATEGY - -1002428210575 (supergroup)
2025-04-27 03:49:31.123922: None - 7823596188 (private)
2025-04-27 03:53:24.035304: None - 7823596188 (private)
2025-04-27 03:56:05.971032: None - 7823596188 (private)
2025-04-27 03:56:30.910031: None - 7823596188 (private)
2025-04-27 04:04:35.739199: VFX - VIP STRATEGY - -1002428210575 (supergroup)
2025-04-27 04:05:28.671416: None - 7823596188 (private)
2025-04-27 04:13:19.323083: None - 7823596188 (private)
2025-04-27 04:14:09.196430: None - 7823596188 (private)
2025-04-27 04:14:30.715766: None - 7823596188 (private)
2025-04-27 04:31:22.164105: None - 7823596188 (private)
2025-04-27 04:31:55.279362: None - 7823596188 (private)
2025-04-27 04:32:15.022226: None - 7823596188 (private)
2025-04-27 04:33:09.793737: None - 7823596188 (private)
2025-04-27 04:33:29.779827: None - 7823596188 (private)
2025-04-27 04:37:43.909106: None - 7823596188 (private)
2025-04-27 04:37:57.609481: None - 7823596188 (private)
2025-04-27 04:38:19.127114: None - 7823596188 (private)
2025-04-27 20:45:10.494743: None - 7823596188 (private)
2025-04-27 20:48:56.530098: None - 1127393419 (private)
2025-04-27 20:49:37.289784: None - 1127393419 (private)
2025-04-27 20:50:36.411562: None - 1127393419 (private)
2025-04-27 20:50:44.294683: None - 1127393419 (private)
2025-04-27 20:50:54.439022: None - 1127393419 (private)
2025-04-27 20:51:08.400212: None - 1127393419 (private)
2025-04-27 20:56:24.955590: VFX - VIP SIGNALS - -1002685536346 (supergroup)
2025-04-27 20:57:32.043648: VFX - VIP SIGNALS - -1002697690452 (channel)
2025-04-27 21:04:37.704105: VFX - VIP PROP CAPITAL - -1002675985847 (channel)
2025-04-27 21:04:55.845219: VFX - VIP PROP CAPITAL - -1002673182167 (supergroup)
2025-04-28 00:33:35.651862: None - 1127393419 (private)
2025-04-28 00:33:47.098128: None - 1127393419 (private)
2025-04-28 00:33:52.962930: None - 1127393419 (private)
2025-04-28 00:39:06.900973: VFX - VIP STRATEGY - -1002575685046 (channel)
2025-04-28 00:42:48.273815: VFX - VIP STRATEGY - -1002575685046 (channel)
2025-04-28 00:43:33.616046: None - 7823596188 (private)
2025-04-28 00:44:46.081733: None - 1127393419 (private)
2025-04-28 00:45:09.030280: None - 1127393419 (private)
2025-04-28 00:45:14.406269: None - 1127393419 (private)
2025-04-28 00:45:40.406024: None - 1127393419 (private)
2025-04-28 00:45:57.014412: None - 1127393419 (private)
2025-04-28 00:46:00.381835: None - 1127393419 (private)
2025-04-28 00:46:03.469619: None - 1127393419 (private)
2025-04-28 00:51:38.663367: None - 7823596188 (private)
2025-04-28 00:52:18.320018: None - 1127393419 (private)
2025-04-28 00:52:26.726916: None - 1127393419 (private)
2025-04-28 00:52:30.048665: None - 1127393419 (private)
2025-04-28 00:52:36.880003: None - 1127393419 (private)
2025-04-28 00:52:43.063324: None - 1127393419 (private)
2025-04-28 00:52:55.925087: None - 1127393419 (private)
2025-04-28 00:59:08.717884: None - 7823596188 (private)
2025-04-28 00:59:57.424593: None - 1127393419 (private)
2025-04-28 01:02:48.708215: None - 1127393419 (private)
2025-04-28 01:02:54.445147: None - 1127393419 (private)
2025-04-28 01:03:05.290281: None - 1127393419 (private)
2025-04-28 01:17:21.360023: None - 7823596188 (private)
2025-04-28 01:18:07.608578: None - 7823596188 (private)
2025-04-28 01:18:31.911288: None - 1127393419 (private)
2025-04-28 01:18:57.208857: None - 1127393419 (private)
2025-04-28 01:18:59.621123: None - 1127393419 (private)
2025-04-28 01:19:07.197298: None - 1127393419 (private)
2025-04-28 01:19:42.870949: None - 7823596188 (private)
2025-04-28 01:19:55.318913: None - 7823596188 (private)
2025-04-28 01:20:49.686676: None - 7823596188 (private)
2025-04-28 01:21:03.574027: None - 7823596188 (private)
2025-04-28 01:21:09.296511: None - 7823596188 (private)
2025-04-28 01:21:12.584165: None - 7823596188 (private)
2025-04-28 01:21:14.905179: None - 7823596188 (private)
2025-04-28 01:21:16.563784: None - 7823596188 (private)
2025-04-28 01:21:23.569841: None - 7823596188 (private)
2025-04-28 01:21:27.425987: None - 7823596188 (private)
2025-04-28 01:21:29.642605: None - 7823596188 (private)
2025-04-28 01:21:31.624706: None - 7823596188 (private)
2025-04-28 01:21:38.084826: None - 7823596188 (private)
2025-04-28 01:21:56.495631: None - 7823596188 (private)
2025-04-28 01:23:40.883144: None - 7823596188 (private)
2025-04-28 01:24:00.660042: None - 1127393419 (private)
2025-04-28 01:24:30.286185: None - 1127393419 (private)
2025-04-28 01:24:53.154826: None - 1127393419 (private)
2025-04-28 01:25:01.205007: None - 1127393419 (private)
2025-04-28 01:25:03.693186: None - 1127393419 (private)
2025-04-28 01:25:05.621044: None - 1127393419 (private)
2025-04-28 01:25:08.912101: None - 1127393419 (private)
2025-04-28 01:25:15.234975: None - 1127393419 (private)
2025-04-28 23:59:36.465706: VFX - VIP SIGNALS - -1002697690452 (channel)
2025-04-30 01:24:03.228165: None - 7823596188 (private)
2025-04-30 01:26:34.325274: None - 7823596188 (private)
2025-04-30 01:26:45.931198: None - 1127393419 (private)
2025-04-30 01:26:48.365323: None - 1127393419 (private)
2025-04-30 01:26:51.727453: None - 1127393419 (private)
2025-04-30 01:26:55.360315: None - 1127393419 (private)
2025-04-30 01:27:04.027256: None - 1127393419 (private)
2025-04-30 01:27:47.456920: None - 7823596188 (private)
2025-04-30 01:27:58.532202: None - 7823596188 (private)
2025-04-30 01:29:48.772233: None - 7823596188 (private)
2025-04-30 22:37:55.794344: VFX MAIN CHANNEL - -1002586937373 (channel)
2025-04-30 22:37:55.795334: VFX MAIN CHANNEL - -1002586937373 (channel)
2025-04-30 22:37:55.795334: VFX MAIN CHANNEL - -1002586937373 (channel)
2025-04-30 23:26:12.958562: VFX - VIP SIGNALS - -1002697690452 (channel)
2025-04-30 23:31:25.969293: VFX MAIN CHANNEL - -1002586937373 (channel)
2025-04-30 23:54:01.528641: VFX MAIN CHANNEL - -1002586937373 (channel)
2025-04-30 23:56:49.352114: VFX MAIN CHANNEL - -1002586937373 (channel)
2025-04-30 23:56:49.388633: VFX MAIN CHANNEL - -1002586937373 (channel)
2025-05-06 14:12:21.493140: None - 7823596188 (private)
2025-05-06 14:12:26.582237: None - 7823596188 (private)
2025-05-06 14:12:59.392174: None - 7823596188 (private)
2025-05-06 14:13:07.697018: None - 7823596188 (private)
2025-05-06 14:13:14.971875: None - 7823596188 (private)
2025-05-06 14:13:53.651989: None - 7823596188 (private)
2025-05-06 14:14:14.779736: None - 7823596188 (private)
2025-05-06 14:14:20.777365: None - 7823596188 (private)
2025-05-06 14:43:13.952175: None - 7823596188 (private)
2025-05-06 14:43:53.270521: None - 7823596188 (private)
2025-05-06 14:46:35.502152: None - 7823596188 (private)
2025-05-06 14:46:54.067089: None - 7823596188 (private)
2025-05-06 14:47:54.715776: None - 7823596188 (private)
2025-05-06 16:29:07.936499: None - 7823596188 (private)
2025-05-06 16:29:14.134377: None - 7823596188 (private)
2025-05-06 16:29:25.100737: None - 7823596188 (private)
2025-05-06 16:42:24.575751: VFX - VIP SIGNALS - -1002697690452 (channel)
2025-05-06 16:42:32.017300: VFX - VIP AUTOMATED STRATEGY - -1002575685046 (channel)
2025-05-06 16:42:36.726227: VFX MAIN CHANNEL - -1002586937373 (channel)
2025-05-06 17:47:39.567514: None - 7823596188 (private)
2025-05-06 17:49:38.328485: None - 7823596188 (private)
2025-05-06 17:50:02.120561: None - 7823596188 (private)
2025-05-07 12:31:38.237266: VFX - VIP SIGNALS - -1002697690452 (channel)
2025-05-07 16:49:13.926273: VFX - VIP SIGNALS - -1002697690452 (channel)
2025-05-07 16:49:27.538487: VFX MAIN CHANNEL - -1002586937373 (channel)
2025-05-07 16:49:27.613513: VFX MAIN CHANNEL - -1002586937373 (channel)
2025-05-07 16:50:02.327264: VFX MAIN CHANNEL - -1002586937373 (channel)
2025-05-07 17:09:17.173455: VFX - VIP TRADING EDUCATION - -1002529155778 (channel)
2025-05-07 17:30:58.926389: VFX MAIN CHANNEL - -1002586937373 (channel)
2025-05-08 16:30:44.701171: VFX MAIN CHANNEL - -1002586937373 (channel)
2025-05-08 16:45:50.805270: VFX - VIP SIGNALS - -1002697690452 (channel)
2025-05-08 16:52:10.780308: VFX MAIN CHANNEL - -1002586937373 (channel)
2025-05-08 16:52:10.874470: VFX MAIN CHANNEL - -1002586937373 (channel)
2025-05-08 16:52:28.458644: VFX MAIN CHANNEL - -1002586937373 (channel)
2025-05-09 17:48:03.014520: VFX MAIN CHANNEL - -1002586937373 (channel)
2025-05-12 16:10:48.769121: VFX MAIN CHANNEL - -1002586937373 (channel)
2025-05-12 16:10:52.775324: VFX MAIN CHANNEL - -1002586937373 (channel)
2025-05-13 17:47:29.514336: VFX - VIP SIGNALS - -1002697690452 (channel)
2025-05-13 20:56:41.978801: VFX MAIN CHANNEL - -1002586937373 (channel)
2025-05-14 00:17:57.820373: VFX - VIP SIGNALS - -1002697690452 (channel)
2025-05-14 00:18:29.842488: None - 7823596188 (private)
2025-05-14 00:29:00.801578: VFX - VIP SIGNALS - -1002697690452 (channel)
2025-05-14 00:29:32.510578: None - 7823596188 (private)
2025-05-14 00:31:52.404087: None - 1127393419 (private)
2025-05-14 01:20:11.503767: None - 7823596188 (private)
2025-05-14 01:20:54.222542: None - 1127393419 (private)
2025-05-14 01:20:58.353552: None - 1127393419 (private)
2025-05-14 01:21:05.233879: None - 1127393419 (private)
2025-05-14 01:21:11.201501: None - 1127393419 (private)
2025-05-14 01:21:58.992154: None - 7823596188 (private)
2025-05-14 01:31:07.237195: None - 7823596188 (private)
2025-05-14 01:31:47.205476: None - 1127393419 (private)
2025-05-14 01:32:13.083317: None - 1127393419 (private)
2025-05-14 01:32:20.073714: None - 1127393419 (private)
2025-05-14 01:36:26.254860: None - 7823596188 (private)
2025-05-14 01:47:01.796404: None - 7823596188 (private)
2025-05-14 01:47:18.338855: None - 1127393419 (private)
2025-05-14 01:48:13.551550: None - 1127393419 (private)
2025-05-14 01:48:25.790649: None - 1127393419 (private)
2025-05-14 01:49:26.020379: None - 7823596188 (private)
2025-05-14 01:49:49.730412: None - 1127393419 (private)
2025-05-14 01:51:54.692260: None - 7823596188 (private)
2025-05-14 01:52:15.145816: None - 1127393419 (private)
2025-05-14 01:59:13.423338: None - 7823596188 (private)
2025-05-14 01:59:35.966211: None - 1127393419 (private)
2025-05-14 01:59:42.076277: None - 1127393419 (private)
2025-05-14 01:59:44.413673: None - 1127393419 (private)
2025-05-14 01:59:52.545213: None - 1127393419 (private)
2025-05-14 02:00:00.476833: None - 1127393419 (private)
2025-05-14 02:00:09.581175: None - 1127393419 (private)
2025-05-14 12:18:26.656243: None - 7396303047 (private)
2025-05-14 12:19:07.403683: None - 1127393419 (private)
2025-05-14 12:19:14.787681: None - 1127393419 (private)
2025-05-14 12:34:26.358181: None - 7396303047 (private)
2025-05-14 12:35:02.117216: None - 1127393419 (private)
2025-05-14 12:36:24.097081: None - 7823596188 (private)
2025-05-14 13:08:48.887863: VFX MAIN CHANNEL - -1002586937373 (channel)
2025-05-14 13:08:48.909266: VFX MAIN CHANNEL - -1002586937373 (channel)
2025-05-14 16:34:43.222288: None - 7823596188 (private)
2025-05-14 16:36:48.257998: None - 1127393419 (private)
2025-05-14 16:37:25.005643: None - 1127393419 (private)
2025-05-14 16:44:28.817605: None - 1127393419 (private)
2025-05-14 17:00:03.149171: VFX - VIP SIGNALS - -1002697690452 (channel)
2025-05-14 17:01:44.143900: None - 7823596188 (private)
2025-05-14 17:01:57.327947: None - 1127393419 (private)
2025-05-14 23:48:23.589979: None - 7823596188 (private)
2025-05-14 23:48:50.141161: None - 1127393419 (private)
2025-05-14 23:49:07.707442: None - 1127393419 (private)
2025-05-14 23:49:31.143954: None - 7823596188 (private)
2025-05-14 23:49:46.031205: None - 1127393419 (private)
2025-05-14 23:50:11.124181: None - 1127393419 (private)
2025-05-14 23:50:26.924728: None - 1127393419 (private)
2025-05-14 23:51:37.797565: None - 7823596188 (private)
2025-05-14 23:51:52.121958: None - 1127393419 (private)
2025-05-14 23:52:07.588009: None - 1127393419 (private)
2025-05-14 23:55:52.300261: None - 7823596188 (private)
2025-05-14 23:56:04.142235: None - 1127393419 (private)
2025-05-14 23:56:10.563782: None - 1127393419 (private)
2025-05-14 23:57:20.093382: None - 1127393419 (private)
2025-05-14 23:57:25.668444: None - 1127393419 (private)
2025-05-15 00:05:24.575182: None - 1127393419 (private)
2025-05-15 00:05:39.424204: None - 1127393419 (private)
2025-05-15 00:14:20.924595: None - 7823596188 (private)
2025-05-15 00:15:56.195577: None - 1127393419 (private)
2025-05-15 00:16:04.950334: None - 1127393419 (private)
2025-05-15 00:39:28.922298: None - 7823596188 (private)
2025-05-15 00:41:19.883051: None - 7823596188 (private)
2025-05-15 00:41:43.704250: None - 1127393419 (private)
2025-05-15 00:41:57.000419: None - 1127393419 (private)
2025-05-15 00:50:45.388347: None - 7823596188 (private)
2025-05-15 00:51:00.991759: None - 1127393419 (private)
2025-05-15 00:51:06.673703: None - 1127393419 (private)
2025-05-15 01:08:44.055710: None - 7823596188 (private)
2025-05-15 01:09:08.468065: None - 1127393419 (private)
2025-05-15 01:09:15.375193: None - 1127393419 (private)
2025-05-15 01:10:19.205645: None - 1127393419 (private)
2025-05-15 01:10:26.860741: None - 1127393419 (private)
2025-05-15 01:10:33.582357: None - 1127393419 (private)
2025-05-15 12:24:02.916608: VFX MAIN CHANNEL - -1002586937373 (channel)
2025-05-15 13:44:36.900674: VFX MAIN CHANNEL - -1002586937373 (channel)
2025-05-15 13:48:19.661227: VFX MAIN CHANNEL - -1002586937373 (channel)
2025-05-15 18:20:52.683970: VFX MAIN CHANNEL - -1002586937373 (channel)
2025-05-15 18:21:36.630666: VFX MAIN CHANNEL - -1002586937373 (channel)
2025-05-19 14:26:02.542591: VFX MAIN CHANNEL - -1002586937373 (channel)
2025-05-19 16:40:49.349882: VFX MAIN CHANNEL - -1002586937373 (channel)
2025-05-20 16:04:53.218570: VFX - VIP SIGNALS - -1002697690452 (channel)
2025-05-20 16:05:38.897738: None - 7823596188 (private)
2025-05-20 16:07:33.649345: None - 7823596188 (private)
2025-05-20 16:12:31.441199: None - 7823596188 (private)
2025-05-20 16:13:22.442881: None - 7097133726 (private)
2025-05-20 16:14:07.139638: None - 7097133726 (private)
2025-05-20 16:23:32.720292: None - 7823596188 (private)
